{"/Users/rodrigomiranda/Documents/Development/Rocketseat/gostack11/appgobarber/src/components/Button/index.tsx": {"path":"/Users/rodrigomiranda/Documents/Development/Rocketseat/gostack11/appgobarber/src/components/Button/index.tsx","statementMap":{"0":{"start":{"line":10,"column":38},"end":{"line":14,"column":1}},"1":{"start":{"line":11,"column":2},"end":{"line":13,"column":14}}},"fnMap":{"0":{"name":"(anonymous_0)","decl":{"start":{"line":10,"column":38},"end":{"line":10,"column":39}},"loc":{"start":{"line":11,"column":2},"end":{"line":13,"column":14}},"line":11}},"branchMap":{},"s":{"0":1,"1":1},"f":{"0":1},"b":{},"_coverageSchema":"1a1c01bbd47fc00a2c39e90264f33305004495a9","hash":"fdfa066f6b4104cc6b80121382dfe5ce635b42f3"}
,"/Users/rodrigomiranda/Documents/Development/Rocketseat/gostack11/appgobarber/src/components/Input/index.tsx": {"path":"/Users/rodrigomiranda/Documents/Development/Rocketseat/gostack11/appgobarber/src/components/Input/index.tsx","statementMap":{"0":{"start":{"line":28,"column":66},"end":{"line":94,"column":1}},"1":{"start":{"line":32,"column":26},"end":{"line":32,"column":43}},"2":{"start":{"line":34,"column":65},"end":{"line":34,"column":79}},"3":{"start":{"line":35,"column":24},"end":{"line":35,"column":76}},"4":{"start":{"line":37,"column":36},"end":{"line":37,"column":51}},"5":{"start":{"line":38,"column":34},"end":{"line":38,"column":49}},"6":{"start":{"line":40,"column":27},"end":{"line":42,"column":8}},"7":{"start":{"line":41,"column":4},"end":{"line":41,"column":23}},"8":{"start":{"line":44,"column":26},"end":{"line":48,"column":8}},"9":{"start":{"line":45,"column":4},"end":{"line":45,"column":24}},"10":{"start":{"line":47,"column":4},"end":{"line":47,"column":47}},"11":{"start":{"line":50,"column":2},"end":{"line":54,"column":6}},"12":{"start":{"line":50,"column":34},"end":{"line":54,"column":3}},"13":{"start":{"line":52,"column":6},"end":{"line":52,"column":38}},"14":{"start":{"line":56,"column":2},"end":{"line":70,"column":33}},"15":{"start":{"line":57,"column":4},"end":{"line":69,"column":7}},"16":{"start":{"line":62,"column":8},"end":{"line":62,"column":44}},"17":{"start":{"line":63,"column":8},"end":{"line":63,"column":64}},"18":{"start":{"line":66,"column":8},"end":{"line":66,"column":41}},"19":{"start":{"line":67,"column":8},"end":{"line":67,"column":40}},"20":{"start":{"line":72,"column":2},"end":{"line":93,"column":4}},"21":{"start":{"line":88,"column":10},"end":{"line":88,"column":46}}},"fnMap":{"0":{"name":"(anonymous_0)","decl":{"start":{"line":28,"column":66},"end":{"line":28,"column":67}},"loc":{"start":{"line":31,"column":5},"end":{"line":94,"column":1}},"line":31},"1":{"name":"(anonymous_1)","decl":{"start":{"line":40,"column":39},"end":{"line":40,"column":40}},"loc":{"start":{"line":40,"column":45},"end":{"line":42,"column":3}},"line":40},"2":{"name":"(anonymous_2)","decl":{"start":{"line":44,"column":38},"end":{"line":44,"column":39}},"loc":{"start":{"line":44,"column":44},"end":{"line":48,"column":3}},"line":44},"3":{"name":"(anonymous_3)","decl":{"start":{"line":50,"column":27},"end":{"line":50,"column":28}},"loc":{"start":{"line":50,"column":34},"end":{"line":54,"column":3}},"line":50},"4":{"name":"(anonymous_4)","decl":{"start":{"line":51,"column":4},"end":{"line":51,"column":5}},"loc":{"start":{"line":51,"column":12},"end":{"line":53,"column":5}},"line":51},"5":{"name":"(anonymous_5)","decl":{"start":{"line":56,"column":12},"end":{"line":56,"column":13}},"loc":{"start":{"line":56,"column":18},"end":{"line":70,"column":3}},"line":56},"6":{"name":"(anonymous_6)","decl":{"start":{"line":61,"column":6},"end":{"line":61,"column":7}},"loc":{"start":{"line":61,"column":32},"end":{"line":64,"column":7}},"line":61},"7":{"name":"(anonymous_7)","decl":{"start":{"line":65,"column":6},"end":{"line":65,"column":7}},"loc":{"start":{"line":65,"column":19},"end":{"line":68,"column":7}},"line":65},"8":{"name":"(anonymous_8)","decl":{"start":{"line":87,"column":22},"end":{"line":87,"column":23}},"loc":{"start":{"line":87,"column":31},"end":{"line":89,"column":9}},"line":87}},"branchMap":{"0":{"loc":{"start":{"line":29,"column":16},"end":{"line":29,"column":35}},"type":"default-arg","locations":[{"start":{"line":29,"column":33},"end":{"line":29,"column":35}}],"line":29},"1":{"loc":{"start":{"line":34,"column":25},"end":{"line":34,"column":42}},"type":"default-arg","locations":[{"start":{"line":34,"column":40},"end":{"line":34,"column":42}}],"line":34},"2":{"loc":{"start":{"line":77,"column":15},"end":{"line":77,"column":60}},"type":"cond-expr","locations":[{"start":{"line":77,"column":39},"end":{"line":77,"column":48}},{"start":{"line":77,"column":51},"end":{"line":77,"column":60}}],"line":77},"3":{"loc":{"start":{"line":77,"column":15},"end":{"line":77,"column":36}},"type":"binary-expr","locations":[{"start":{"line":77,"column":15},"end":{"line":77,"column":24}},{"start":{"line":77,"column":28},"end":{"line":77,"column":36}}],"line":77}},"s":{"0":1,"1":2,"2":2,"3":2,"4":2,"5":2,"6":2,"7":0,"8":2,"9":0,"10":0,"11":2,"12":1,"13":0,"14":2,"15":2,"16":0,"17":0,"18":0,"19":0,"20":2,"21":0},"f":{"0":2,"1":0,"2":0,"3":1,"4":0,"5":2,"6":0,"7":0,"8":0},"b":{"0":[2],"1":[2],"2":[0,2],"3":[2,2]},"_coverageSchema":"1a1c01bbd47fc00a2c39e90264f33305004495a9","hash":"99dd77acfb72c0d7434a9a651f46b09d927877fd"}
,"/Users/rodrigomiranda/Documents/Development/Rocketseat/gostack11/appgobarber/src/hooks/auth.tsx": {"path":"/Users/rodrigomiranda/Documents/Development/Rocketseat/gostack11/appgobarber/src/hooks/auth.tsx","statementMap":{"0":{"start":{"line":36,"column":20},"end":{"line":36,"column":73}},"1":{"start":{"line":38,"column":31},"end":{"line":107,"column":1}},"2":{"start":{"line":39,"column":26},"end":{"line":39,"column":62}},"3":{"start":{"line":40,"column":32},"end":{"line":40,"column":46}},"4":{"start":{"line":42,"column":2},"end":{"line":59,"column":9}},"5":{"start":{"line":44,"column":28},"end":{"line":47,"column":8}},"6":{"start":{"line":49,"column":6},"end":{"line":53,"column":7}},"7":{"start":{"line":50,"column":8},"end":{"line":50,"column":66}},"8":{"start":{"line":52,"column":8},"end":{"line":52,"column":64}},"9":{"start":{"line":55,"column":6},"end":{"line":55,"column":24}},"10":{"start":{"line":58,"column":4},"end":{"line":58,"column":22}},"11":{"start":{"line":61,"column":17},"end":{"line":80,"column":8}},"12":{"start":{"line":62,"column":21},"end":{"line":65,"column":6}},"13":{"start":{"line":67,"column":28},"end":{"line":67,"column":41}},"14":{"start":{"line":69,"column":4},"end":{"line":69,"column":57}},"15":{"start":{"line":70,"column":4},"end":{"line":70,"column":71}},"16":{"start":{"line":72,"column":4},"end":{"line":75,"column":7}},"17":{"start":{"line":77,"column":4},"end":{"line":77,"column":59}},"18":{"start":{"line":79,"column":4},"end":{"line":79,"column":29}},"19":{"start":{"line":82,"column":18},"end":{"line":86,"column":8}},"20":{"start":{"line":83,"column":4},"end":{"line":83,"column":74}},"21":{"start":{"line":85,"column":4},"end":{"line":85,"column":29}},"22":{"start":{"line":88,"column":21},"end":{"line":98,"column":3}},"23":{"start":{"line":90,"column":6},"end":{"line":90,"column":73}},"24":{"start":{"line":92,"column":6},"end":{"line":95,"column":9}},"25":{"start":{"line":100,"column":2},"end":{"line":106,"column":4}},"26":{"start":{"line":110,"column":18},"end":{"line":110,"column":41}},"27":{"start":{"line":112,"column":2},"end":{"line":114,"column":3}},"28":{"start":{"line":113,"column":4},"end":{"line":113,"column":67}},"29":{"start":{"line":116,"column":2},"end":{"line":116,"column":17}}},"fnMap":{"0":{"name":"(anonymous_0)","decl":{"start":{"line":38,"column":31},"end":{"line":38,"column":32}},"loc":{"start":{"line":38,"column":49},"end":{"line":107,"column":1}},"line":38},"1":{"name":"(anonymous_1)","decl":{"start":{"line":42,"column":12},"end":{"line":42,"column":13}},"loc":{"start":{"line":42,"column":18},"end":{"line":59,"column":3}},"line":42},"2":{"name":"loadStorageData","decl":{"start":{"line":43,"column":19},"end":{"line":43,"column":34}},"loc":{"start":{"line":43,"column":52},"end":{"line":56,"column":5}},"line":43},"3":{"name":"(anonymous_3)","decl":{"start":{"line":61,"column":29},"end":{"line":61,"column":30}},"loc":{"start":{"line":61,"column":60},"end":{"line":80,"column":3}},"line":61},"4":{"name":"(anonymous_4)","decl":{"start":{"line":82,"column":30},"end":{"line":82,"column":31}},"loc":{"start":{"line":82,"column":42},"end":{"line":86,"column":3}},"line":82},"5":{"name":"(anonymous_5)","decl":{"start":{"line":89,"column":4},"end":{"line":89,"column":5}},"loc":{"start":{"line":89,"column":26},"end":{"line":96,"column":5}},"line":89},"6":{"name":"useAuth","decl":{"start":{"line":109,"column":9},"end":{"line":109,"column":16}},"loc":{"start":{"line":109,"column":36},"end":{"line":117,"column":1}},"line":109}},"branchMap":{"0":{"loc":{"start":{"line":49,"column":6},"end":{"line":53,"column":7}},"type":"if","locations":[{"start":{"line":49,"column":6},"end":{"line":53,"column":7}},{"start":{"line":49,"column":6},"end":{"line":53,"column":7}}],"line":49},"1":{"loc":{"start":{"line":49,"column":10},"end":{"line":49,"column":29}},"type":"binary-expr","locations":[{"start":{"line":49,"column":10},"end":{"line":49,"column":18}},{"start":{"line":49,"column":22},"end":{"line":49,"column":29}}],"line":49},"2":{"loc":{"start":{"line":112,"column":2},"end":{"line":114,"column":3}},"type":"if","locations":[{"start":{"line":112,"column":2},"end":{"line":114,"column":3}},{"start":{"line":112,"column":2},"end":{"line":114,"column":3}}],"line":112}},"s":{"0":1,"1":1,"2":0,"3":0,"4":0,"5":0,"6":0,"7":0,"8":0,"9":0,"10":0,"11":0,"12":0,"13":0,"14":0,"15":0,"16":0,"17":0,"18":0,"19":0,"20":0,"21":0,"22":0,"23":0,"24":0,"25":0,"26":1,"27":1,"28":0,"29":1},"f":{"0":0,"1":0,"2":0,"3":0,"4":0,"5":0,"6":1},"b":{"0":[0,0],"1":[0,0],"2":[0,1]},"_coverageSchema":"1a1c01bbd47fc00a2c39e90264f33305004495a9","hash":"69ae87793108db98aa0e98aa7383059a67acdea9"}
,"/Users/rodrigomiranda/Documents/Development/Rocketseat/gostack11/appgobarber/src/pages/AppointmentCreated/index.tsx": {"path":"/Users/rodrigomiranda/Documents/Development/Rocketseat/gostack11/appgobarber/src/pages/AppointmentCreated/index.tsx","statementMap":{"0":{"start":{"line":19,"column":37},"end":{"line":52,"column":1}},"1":{"start":{"line":20,"column":20},"end":{"line":20,"column":35}},"2":{"start":{"line":21,"column":21},"end":{"line":21,"column":31}},"3":{"start":{"line":23,"column":22},"end":{"line":23,"column":43}},"4":{"start":{"line":25,"column":24},"end":{"line":31,"column":24}},"5":{"start":{"line":26,"column":4},"end":{"line":30,"column":6}},"6":{"start":{"line":33,"column":26},"end":{"line":38,"column":13}},"7":{"start":{"line":34,"column":4},"end":{"line":37,"column":7}},"8":{"start":{"line":40,"column":2},"end":{"line":51,"column":4}}},"fnMap":{"0":{"name":"(anonymous_0)","decl":{"start":{"line":19,"column":37},"end":{"line":19,"column":38}},"loc":{"start":{"line":19,"column":43},"end":{"line":52,"column":1}},"line":19},"1":{"name":"(anonymous_1)","decl":{"start":{"line":25,"column":32},"end":{"line":25,"column":33}},"loc":{"start":{"line":25,"column":38},"end":{"line":31,"column":3}},"line":25},"2":{"name":"(anonymous_2)","decl":{"start":{"line":33,"column":38},"end":{"line":33,"column":39}},"loc":{"start":{"line":33,"column":44},"end":{"line":38,"column":3}},"line":33}},"branchMap":{},"s":{"0":0,"1":0,"2":0,"3":0,"4":0,"5":0,"6":0,"7":0,"8":0},"f":{"0":0,"1":0,"2":0},"b":{}}
,"/Users/rodrigomiranda/Documents/Development/Rocketseat/gostack11/appgobarber/src/pages/CreateAppointment/index.tsx": {"path":"/Users/rodrigomiranda/Documents/Development/Rocketseat/gostack11/appgobarber/src/pages/CreateAppointment/index.tsx","statementMap":{"0":{"start":{"line":52,"column":36},"end":{"line":266,"column":1}},"1":{"start":{"line":53,"column":19},"end":{"line":53,"column":28}},"2":{"start":{"line":54,"column":16},"end":{"line":54,"column":26}},"3":{"start":{"line":55,"column":31},"end":{"line":55,"column":46}},"4":{"start":{"line":57,"column":22},"end":{"line":57,"column":49}},"5":{"start":{"line":59,"column":42},"end":{"line":59,"column":74}},"6":{"start":{"line":60,"column":46},"end":{"line":60,"column":61}},"7":{"start":{"line":61,"column":42},"end":{"line":61,"column":62}},"8":{"start":{"line":62,"column":42},"end":{"line":62,"column":53}},"9":{"start":{"line":63,"column":36},"end":{"line":63,"column":60}},"10":{"start":{"line":64,"column":50},"end":{"line":66,"column":3}},"11":{"start":{"line":68,"column":2},"end":{"line":72,"column":9}},"12":{"start":{"line":69,"column":4},"end":{"line":71,"column":7}},"13":{"start":{"line":70,"column":6},"end":{"line":70,"column":34}},"14":{"start":{"line":74,"column":2},"end":{"line":86,"column":39}},"15":{"start":{"line":75,"column":4},"end":{"line":85,"column":9}},"16":{"start":{"line":84,"column":8},"end":{"line":84,"column":39}},"17":{"start":{"line":88,"column":23},"end":{"line":90,"column":14}},"18":{"start":{"line":89,"column":4},"end":{"line":89,"column":13}},"19":{"start":{"line":92,"column":31},"end":{"line":94,"column":8}},"20":{"start":{"line":93,"column":4},"end":{"line":93,"column":36}},"21":{"start":{"line":96,"column":33},"end":{"line":98,"column":8}},"22":{"start":{"line":97,"column":4},"end":{"line":97,"column":39}},"23":{"start":{"line":97,"column":31},"end":{"line":97,"column":37}},"24":{"start":{"line":100,"column":28},"end":{"line":111,"column":3}},"25":{"start":{"line":102,"column":6},"end":{"line":104,"column":7}},"26":{"start":{"line":103,"column":8},"end":{"line":103,"column":33}},"27":{"start":{"line":106,"column":6},"end":{"line":108,"column":7}},"28":{"start":{"line":107,"column":8},"end":{"line":107,"column":30}},"29":{"start":{"line":113,"column":34},"end":{"line":132,"column":62}},"30":{"start":{"line":114,"column":4},"end":{"line":131,"column":5}},"31":{"start":{"line":115,"column":19},"end":{"line":115,"column":41}},"32":{"start":{"line":117,"column":6},"end":{"line":117,"column":34}},"33":{"start":{"line":118,"column":6},"end":{"line":118,"column":25}},"34":{"start":{"line":120,"column":6},"end":{"line":123,"column":9}},"35":{"start":{"line":125,"column":6},"end":{"line":125,"column":63}},"36":{"start":{"line":127,"column":6},"end":{"line":130,"column":8}},"37":{"start":{"line":134,"column":27},"end":{"line":136,"column":8}},"38":{"start":{"line":135,"column":4},"end":{"line":135,"column":26}},"39":{"start":{"line":138,"column":30},"end":{"line":148,"column":20}},"40":{"start":{"line":139,"column":4},"end":{"line":147,"column":9}},"41":{"start":{"line":140,"column":28},"end":{"line":140,"column":37}},"42":{"start":{"line":142,"column":8},"end":{"line":146,"column":10}},"43":{"start":{"line":150,"column":32},"end":{"line":160,"column":20}},"44":{"start":{"line":151,"column":4},"end":{"line":159,"column":9}},"45":{"start":{"line":152,"column":28},"end":{"line":152,"column":38}},"46":{"start":{"line":154,"column":8},"end":{"line":158,"column":10}},"47":{"start":{"line":162,"column":2},"end":{"line":265,"column":4}},"48":{"start":{"line":179,"column":38},"end":{"line":179,"column":49}},"49":{"start":{"line":181,"column":14},"end":{"line":189,"column":34}},"50":{"start":{"line":182,"column":31},"end":{"line":182,"column":64}},"51":{"start":{"line":222,"column":16},"end":{"line":232,"column":23}},"52":{"start":{"line":227,"column":33},"end":{"line":227,"column":55}},"53":{"start":{"line":243,"column":18},"end":{"line":253,"column":25}},"54":{"start":{"line":248,"column":35},"end":{"line":248,"column":57}}},"fnMap":{"0":{"name":"(anonymous_0)","decl":{"start":{"line":52,"column":36},"end":{"line":52,"column":37}},"loc":{"start":{"line":52,"column":42},"end":{"line":266,"column":1}},"line":52},"1":{"name":"(anonymous_1)","decl":{"start":{"line":68,"column":12},"end":{"line":68,"column":13}},"loc":{"start":{"line":68,"column":18},"end":{"line":72,"column":3}},"line":68},"2":{"name":"(anonymous_2)","decl":{"start":{"line":69,"column":30},"end":{"line":69,"column":31}},"loc":{"start":{"line":69,"column":42},"end":{"line":71,"column":5}},"line":69},"3":{"name":"(anonymous_3)","decl":{"start":{"line":74,"column":12},"end":{"line":74,"column":13}},"loc":{"start":{"line":74,"column":18},"end":{"line":86,"column":3}},"line":74},"4":{"name":"(anonymous_4)","decl":{"start":{"line":83,"column":12},"end":{"line":83,"column":13}},"loc":{"start":{"line":83,"column":24},"end":{"line":85,"column":7}},"line":83},"5":{"name":"(anonymous_5)","decl":{"start":{"line":88,"column":35},"end":{"line":88,"column":36}},"loc":{"start":{"line":88,"column":41},"end":{"line":90,"column":3}},"line":88},"6":{"name":"(anonymous_6)","decl":{"start":{"line":92,"column":43},"end":{"line":92,"column":44}},"loc":{"start":{"line":92,"column":67},"end":{"line":94,"column":3}},"line":92},"7":{"name":"(anonymous_7)","decl":{"start":{"line":96,"column":45},"end":{"line":96,"column":46}},"loc":{"start":{"line":96,"column":51},"end":{"line":98,"column":3}},"line":96},"8":{"name":"(anonymous_8)","decl":{"start":{"line":97,"column":22},"end":{"line":97,"column":23}},"loc":{"start":{"line":97,"column":31},"end":{"line":97,"column":37}},"line":97},"9":{"name":"(anonymous_9)","decl":{"start":{"line":101,"column":4},"end":{"line":101,"column":5}},"loc":{"start":{"line":101,"column":44},"end":{"line":109,"column":5}},"line":101},"10":{"name":"(anonymous_10)","decl":{"start":{"line":113,"column":46},"end":{"line":113,"column":47}},"loc":{"start":{"line":113,"column":58},"end":{"line":132,"column":3}},"line":113},"11":{"name":"(anonymous_11)","decl":{"start":{"line":134,"column":39},"end":{"line":134,"column":40}},"loc":{"start":{"line":134,"column":57},"end":{"line":136,"column":3}},"line":134},"12":{"name":"(anonymous_12)","decl":{"start":{"line":138,"column":38},"end":{"line":138,"column":39}},"loc":{"start":{"line":138,"column":44},"end":{"line":148,"column":3}},"line":138},"13":{"name":"(anonymous_13)","decl":{"start":{"line":140,"column":14},"end":{"line":140,"column":15}},"loc":{"start":{"line":140,"column":28},"end":{"line":140,"column":37}},"line":140},"14":{"name":"(anonymous_14)","decl":{"start":{"line":141,"column":11},"end":{"line":141,"column":12}},"loc":{"start":{"line":141,"column":36},"end":{"line":147,"column":7}},"line":141},"15":{"name":"(anonymous_15)","decl":{"start":{"line":150,"column":40},"end":{"line":150,"column":41}},"loc":{"start":{"line":150,"column":46},"end":{"line":160,"column":3}},"line":150},"16":{"name":"(anonymous_16)","decl":{"start":{"line":152,"column":14},"end":{"line":152,"column":15}},"loc":{"start":{"line":152,"column":28},"end":{"line":152,"column":38}},"line":152},"17":{"name":"(anonymous_17)","decl":{"start":{"line":153,"column":11},"end":{"line":153,"column":12}},"loc":{"start":{"line":153,"column":36},"end":{"line":159,"column":7}},"line":153},"18":{"name":"(anonymous_18)","decl":{"start":{"line":179,"column":26},"end":{"line":179,"column":27}},"loc":{"start":{"line":179,"column":38},"end":{"line":179,"column":49}},"line":179},"19":{"name":"(anonymous_19)","decl":{"start":{"line":180,"column":24},"end":{"line":180,"column":25}},"loc":{"start":{"line":181,"column":14},"end":{"line":189,"column":34}},"line":181},"20":{"name":"(anonymous_20)","decl":{"start":{"line":182,"column":25},"end":{"line":182,"column":26}},"loc":{"start":{"line":182,"column":31},"end":{"line":182,"column":64}},"line":182},"21":{"name":"(anonymous_21)","decl":{"start":{"line":221,"column":39},"end":{"line":221,"column":40}},"loc":{"start":{"line":222,"column":16},"end":{"line":232,"column":23}},"line":222},"22":{"name":"(anonymous_22)","decl":{"start":{"line":227,"column":27},"end":{"line":227,"column":28}},"loc":{"start":{"line":227,"column":33},"end":{"line":227,"column":55}},"line":227},"23":{"name":"(anonymous_23)","decl":{"start":{"line":242,"column":16},"end":{"line":242,"column":17}},"loc":{"start":{"line":243,"column":18},"end":{"line":253,"column":25}},"line":243},"24":{"name":"(anonymous_24)","decl":{"start":{"line":248,"column":29},"end":{"line":248,"column":30}},"loc":{"start":{"line":248,"column":35},"end":{"line":248,"column":57}},"line":248}},"branchMap":{"0":{"loc":{"start":{"line":102,"column":6},"end":{"line":104,"column":7}},"type":"if","locations":[{"start":{"line":102,"column":6},"end":{"line":104,"column":7}},{"start":{"line":102,"column":6},"end":{"line":104,"column":7}}],"line":102},"1":{"loc":{"start":{"line":106,"column":6},"end":{"line":108,"column":7}},"type":"if","locations":[{"start":{"line":106,"column":6},"end":{"line":108,"column":7}},{"start":{"line":106,"column":6},"end":{"line":108,"column":7}}],"line":106},"2":{"loc":{"start":{"line":203,"column":11},"end":{"line":211,"column":11}},"type":"binary-expr","locations":[{"start":{"line":203,"column":11},"end":{"line":203,"column":25}},{"start":{"line":204,"column":12},"end":{"line":210,"column":14}}],"line":203}},"s":{"0":0,"1":0,"2":0,"3":0,"4":0,"5":0,"6":0,"7":0,"8":0,"9":0,"10":0,"11":0,"12":0,"13":0,"14":0,"15":0,"16":0,"17":0,"18":0,"19":0,"20":0,"21":0,"22":0,"23":0,"24":0,"25":0,"26":0,"27":0,"28":0,"29":0,"30":0,"31":0,"32":0,"33":0,"34":0,"35":0,"36":0,"37":0,"38":0,"39":0,"40":0,"41":0,"42":0,"43":0,"44":0,"45":0,"46":0,"47":0,"48":0,"49":0,"50":0,"51":0,"52":0,"53":0,"54":0},"f":{"0":0,"1":0,"2":0,"3":0,"4":0,"5":0,"6":0,"7":0,"8":0,"9":0,"10":0,"11":0,"12":0,"13":0,"14":0,"15":0,"16":0,"17":0,"18":0,"19":0,"20":0,"21":0,"22":0,"23":0,"24":0},"b":{"0":[0,0],"1":[0,0],"2":[0,0]}}
,"/Users/rodrigomiranda/Documents/Development/Rocketseat/gostack11/appgobarber/src/pages/Dashboard/index.tsx": {"path":"/Users/rodrigomiranda/Documents/Development/Rocketseat/gostack11/appgobarber/src/pages/Dashboard/index.tsx","statementMap":{"0":{"start":{"line":34,"column":28},"end":{"line":108,"column":1}},"1":{"start":{"line":35,"column":36},"end":{"line":35,"column":60}},"2":{"start":{"line":37,"column":28},"end":{"line":37,"column":37}},"3":{"start":{"line":38,"column":23},"end":{"line":38,"column":38}},"4":{"start":{"line":40,"column":2},"end":{"line":44,"column":9}},"5":{"start":{"line":41,"column":4},"end":{"line":43,"column":7}},"6":{"start":{"line":42,"column":6},"end":{"line":42,"column":34}},"7":{"start":{"line":46,"column":28},"end":{"line":48,"column":16}},"8":{"start":{"line":47,"column":4},"end":{"line":47,"column":24}},"9":{"start":{"line":50,"column":27},"end":{"line":52,"column":15}},"10":{"start":{"line":51,"column":4},"end":{"line":51,"column":14}},"11":{"start":{"line":54,"column":38},"end":{"line":59,"column":3}},"12":{"start":{"line":56,"column":6},"end":{"line":56,"column":52}},"13":{"start":{"line":61,"column":2},"end":{"line":107,"column":4}},"14":{"start":{"line":80,"column":34},"end":{"line":80,"column":45}},"15":{"start":{"line":85,"column":10},"end":{"line":103,"column":30}},"16":{"start":{"line":86,"column":27},"end":{"line":86,"column":67}}},"fnMap":{"0":{"name":"(anonymous_0)","decl":{"start":{"line":34,"column":28},"end":{"line":34,"column":29}},"loc":{"start":{"line":34,"column":34},"end":{"line":108,"column":1}},"line":34},"1":{"name":"(anonymous_1)","decl":{"start":{"line":40,"column":12},"end":{"line":40,"column":13}},"loc":{"start":{"line":40,"column":18},"end":{"line":44,"column":3}},"line":40},"2":{"name":"(anonymous_2)","decl":{"start":{"line":41,"column":30},"end":{"line":41,"column":31}},"loc":{"start":{"line":41,"column":42},"end":{"line":43,"column":5}},"line":41},"3":{"name":"(anonymous_3)","decl":{"start":{"line":46,"column":40},"end":{"line":46,"column":41}},"loc":{"start":{"line":46,"column":46},"end":{"line":48,"column":3}},"line":46},"4":{"name":"(anonymous_4)","decl":{"start":{"line":50,"column":39},"end":{"line":50,"column":40}},"loc":{"start":{"line":50,"column":45},"end":{"line":52,"column":3}},"line":50},"5":{"name":"(anonymous_5)","decl":{"start":{"line":55,"column":4},"end":{"line":55,"column":5}},"loc":{"start":{"line":55,"column":28},"end":{"line":57,"column":5}},"line":55},"6":{"name":"(anonymous_6)","decl":{"start":{"line":80,"column":22},"end":{"line":80,"column":23}},"loc":{"start":{"line":80,"column":34},"end":{"line":80,"column":45}},"line":80},"7":{"name":"(anonymous_7)","decl":{"start":{"line":84,"column":20},"end":{"line":84,"column":21}},"loc":{"start":{"line":85,"column":10},"end":{"line":103,"column":30}},"line":85},"8":{"name":"(anonymous_8)","decl":{"start":{"line":86,"column":21},"end":{"line":86,"column":22}},"loc":{"start":{"line":86,"column":27},"end":{"line":86,"column":67}},"line":86}},"branchMap":{},"s":{"0":0,"1":0,"2":0,"3":0,"4":0,"5":0,"6":0,"7":0,"8":0,"9":0,"10":0,"11":0,"12":0,"13":0,"14":0,"15":0,"16":0},"f":{"0":0,"1":0,"2":0,"3":0,"4":0,"5":0,"6":0,"7":0,"8":0},"b":{}}
,"/Users/rodrigomiranda/Documents/Development/Rocketseat/gostack11/appgobarber/src/pages/Profile/index.tsx": {"path":"/Users/rodrigomiranda/Documents/Development/Rocketseat/gostack11/appgobarber/src/pages/Profile/index.tsx","statementMap":{"0":{"start":{"line":41,"column":25},"end":{"line":256,"column":1}},"1":{"start":{"line":42,"column":31},"end":{"line":42,"column":40}},"2":{"start":{"line":44,"column":18},"end":{"line":44,"column":43}},"3":{"start":{"line":45,"column":21},"end":{"line":45,"column":36}},"4":{"start":{"line":47,"column":24},"end":{"line":47,"column":47}},"5":{"start":{"line":48,"column":30},"end":{"line":48,"column":53}},"6":{"start":{"line":49,"column":27},"end":{"line":49,"column":50}},"7":{"start":{"line":50,"column":34},"end":{"line":50,"column":57}},"8":{"start":{"line":52,"column":23},"end":{"line":124,"column":3}},"9":{"start":{"line":54,"column":6},"end":{"line":121,"column":7}},"10":{"start":{"line":55,"column":8},"end":{"line":55,"column":39}},"11":{"start":{"line":57,"column":23},"end":{"line":75,"column":10}},"12":{"start":{"line":64,"column":23},"end":{"line":64,"column":35}},"13":{"start":{"line":70,"column":25},"end":{"line":70,"column":37}},"14":{"start":{"line":77,"column":8},"end":{"line":79,"column":11}},"15":{"start":{"line":87,"column":12},"end":{"line":87,"column":16}},"16":{"start":{"line":89,"column":25},"end":{"line":99,"column":9}},"17":{"start":{"line":101,"column":25},"end":{"line":101,"column":60}},"18":{"start":{"line":103,"column":8},"end":{"line":103,"column":34}},"19":{"start":{"line":105,"column":8},"end":{"line":105,"column":54}},"20":{"start":{"line":107,"column":8},"end":{"line":107,"column":28}},"21":{"start":{"line":109,"column":8},"end":{"line":115,"column":9}},"22":{"start":{"line":110,"column":25},"end":{"line":110,"column":49}},"23":{"start":{"line":112,"column":10},"end":{"line":112,"column":45}},"24":{"start":{"line":114,"column":10},"end":{"line":114,"column":17}},"25":{"start":{"line":117,"column":8},"end":{"line":120,"column":10}},"26":{"start":{"line":126,"column":29},"end":{"line":159,"column":27}},"27":{"start":{"line":127,"column":4},"end":{"line":158,"column":6}},"28":{"start":{"line":135,"column":8},"end":{"line":137,"column":9}},"29":{"start":{"line":136,"column":10},"end":{"line":136,"column":17}},"30":{"start":{"line":139,"column":8},"end":{"line":142,"column":9}},"31":{"start":{"line":140,"column":10},"end":{"line":140,"column":55}},"32":{"start":{"line":141,"column":10},"end":{"line":141,"column":17}},"33":{"start":{"line":144,"column":21},"end":{"line":144,"column":35}},"34":{"start":{"line":146,"column":8},"end":{"line":150,"column":11}},"35":{"start":{"line":152,"column":8},"end":{"line":152,"column":26}},"36":{"start":{"line":154,"column":8},"end":{"line":156,"column":11}},"37":{"start":{"line":155,"column":10},"end":{"line":155,"column":39}},"38":{"start":{"line":161,"column":23},"end":{"line":163,"column":18}},"39":{"start":{"line":162,"column":4},"end":{"line":162,"column":24}},"40":{"start":{"line":165,"column":2},"end":{"line":255,"column":4}},"41":{"start":{"line":196,"column":39},"end":{"line":196,"column":69}},"42":{"start":{"line":208,"column":39},"end":{"line":208,"column":75}},"43":{"start":{"line":220,"column":39},"end":{"line":220,"column":72}},"44":{"start":{"line":231,"column":39},"end":{"line":231,"column":79}},"45":{"start":{"line":242,"column":39},"end":{"line":242,"column":68}},"46":{"start":{"line":246,"column":39},"end":{"line":246,"column":68}}},"fnMap":{"0":{"name":"(anonymous_0)","decl":{"start":{"line":41,"column":25},"end":{"line":41,"column":26}},"loc":{"start":{"line":41,"column":31},"end":{"line":256,"column":1}},"line":41},"1":{"name":"(anonymous_1)","decl":{"start":{"line":53,"column":4},"end":{"line":53,"column":5}},"loc":{"start":{"line":53,"column":37},"end":{"line":122,"column":5}},"line":53},"2":{"name":"(anonymous_2)","decl":{"start":{"line":64,"column":16},"end":{"line":64,"column":17}},"loc":{"start":{"line":64,"column":23},"end":{"line":64,"column":35}},"line":64},"3":{"name":"(anonymous_3)","decl":{"start":{"line":70,"column":18},"end":{"line":70,"column":19}},"loc":{"start":{"line":70,"column":25},"end":{"line":70,"column":37}},"line":70},"4":{"name":"(anonymous_4)","decl":{"start":{"line":126,"column":41},"end":{"line":126,"column":42}},"loc":{"start":{"line":126,"column":47},"end":{"line":159,"column":3}},"line":126},"5":{"name":"(anonymous_5)","decl":{"start":{"line":134,"column":6},"end":{"line":134,"column":7}},"loc":{"start":{"line":134,"column":18},"end":{"line":157,"column":7}},"line":134},"6":{"name":"(anonymous_6)","decl":{"start":{"line":154,"column":45},"end":{"line":154,"column":46}},"loc":{"start":{"line":154,"column":60},"end":{"line":156,"column":9}},"line":154},"7":{"name":"(anonymous_7)","decl":{"start":{"line":161,"column":35},"end":{"line":161,"column":36}},"loc":{"start":{"line":161,"column":41},"end":{"line":163,"column":3}},"line":161},"8":{"name":"(anonymous_8)","decl":{"start":{"line":196,"column":33},"end":{"line":196,"column":34}},"loc":{"start":{"line":196,"column":39},"end":{"line":196,"column":69}},"line":196},"9":{"name":"(anonymous_9)","decl":{"start":{"line":208,"column":33},"end":{"line":208,"column":34}},"loc":{"start":{"line":208,"column":39},"end":{"line":208,"column":75}},"line":208},"10":{"name":"(anonymous_10)","decl":{"start":{"line":220,"column":33},"end":{"line":220,"column":34}},"loc":{"start":{"line":220,"column":39},"end":{"line":220,"column":72}},"line":220},"11":{"name":"(anonymous_11)","decl":{"start":{"line":231,"column":33},"end":{"line":231,"column":34}},"loc":{"start":{"line":231,"column":39},"end":{"line":231,"column":79}},"line":231},"12":{"name":"(anonymous_12)","decl":{"start":{"line":242,"column":33},"end":{"line":242,"column":34}},"loc":{"start":{"line":242,"column":39},"end":{"line":242,"column":68}},"line":242},"13":{"name":"(anonymous_13)","decl":{"start":{"line":246,"column":33},"end":{"line":246,"column":34}},"loc":{"start":{"line":246,"column":39},"end":{"line":246,"column":68}},"line":246}},"branchMap":{"0":{"loc":{"start":{"line":92,"column":14},"end":{"line":98,"column":16}},"type":"cond-expr","locations":[{"start":{"line":93,"column":14},"end":{"line":97,"column":13}},{"start":{"line":98,"column":14},"end":{"line":98,"column":16}}],"line":92},"1":{"loc":{"start":{"line":109,"column":8},"end":{"line":115,"column":9}},"type":"if","locations":[{"start":{"line":109,"column":8},"end":{"line":115,"column":9}},{"start":{"line":109,"column":8},"end":{"line":115,"column":9}}],"line":109},"2":{"loc":{"start":{"line":135,"column":8},"end":{"line":137,"column":9}},"type":"if","locations":[{"start":{"line":135,"column":8},"end":{"line":137,"column":9}},{"start":{"line":135,"column":8},"end":{"line":137,"column":9}}],"line":135},"3":{"loc":{"start":{"line":139,"column":8},"end":{"line":142,"column":9}},"type":"if","locations":[{"start":{"line":139,"column":8},"end":{"line":142,"column":9}},{"start":{"line":139,"column":8},"end":{"line":142,"column":9}}],"line":139},"4":{"loc":{"start":{"line":169,"column":18},"end":{"line":169,"column":63}},"type":"cond-expr","locations":[{"start":{"line":169,"column":42},"end":{"line":169,"column":51}},{"start":{"line":169,"column":54},"end":{"line":169,"column":63}}],"line":169}},"s":{"0":0,"1":0,"2":0,"3":0,"4":0,"5":0,"6":0,"7":0,"8":0,"9":0,"10":0,"11":0,"12":0,"13":0,"14":0,"15":0,"16":0,"17":0,"18":0,"19":0,"20":0,"21":0,"22":0,"23":0,"24":0,"25":0,"26":0,"27":0,"28":0,"29":0,"30":0,"31":0,"32":0,"33":0,"34":0,"35":0,"36":0,"37":0,"38":0,"39":0,"40":0,"41":0,"42":0,"43":0,"44":0,"45":0,"46":0},"f":{"0":0,"1":0,"2":0,"3":0,"4":0,"5":0,"6":0,"7":0,"8":0,"9":0,"10":0,"11":0,"12":0,"13":0},"b":{"0":[0,0],"1":[0,0],"2":[0,0],"3":[0,0],"4":[0,0]}}
,"/Users/rodrigomiranda/Documents/Development/Rocketseat/gostack11/appgobarber/src/pages/Profile/styles.tsx": {"path":"/Users/rodrigomiranda/Documents/Development/Rocketseat/gostack11/appgobarber/src/pages/Profile/styles.tsx","statementMap":{"0":{"start":{"line":4,"column":25},"end":{"line":9,"column":1}},"1":{"start":{"line":11,"column":21},"end":{"line":16,"column":1}},"2":{"start":{"line":18,"column":26},"end":{"line":20,"column":1}},"3":{"start":{"line":22,"column":32},"end":{"line":24,"column":1}},"4":{"start":{"line":26,"column":26},"end":{"line":31,"column":1}}},"fnMap":{},"branchMap":{"0":{"loc":{"start":{"line":7,"column":20},"end":{"line":7,"column":56}},"type":"cond-expr","locations":[{"start":{"line":7,"column":48},"end":{"line":7,"column":51}},{"start":{"line":7,"column":54},"end":{"line":7,"column":56}}],"line":7}},"s":{"0":0,"1":0,"2":0,"3":0,"4":0},"f":{},"b":{"0":[0,0]}}
,"/Users/rodrigomiranda/Documents/Development/Rocketseat/gostack11/appgobarber/src/pages/SignIn/index.tsx": {"path":"/Users/rodrigomiranda/Documents/Development/Rocketseat/gostack11/appgobarber/src/pages/SignIn/index.tsx","statementMap":{"0":{"start":{"line":41,"column":25},"end":{"line":154,"column":1}},"1":{"start":{"line":42,"column":18},"end":{"line":42,"column":43}},"2":{"start":{"line":43,"column":27},"end":{"line":43,"column":50}},"3":{"start":{"line":45,"column":21},"end":{"line":45,"column":36}},"4":{"start":{"line":47,"column":21},"end":{"line":47,"column":30}},"5":{"start":{"line":49,"column":23},"end":{"line":85,"column":14}},"6":{"start":{"line":50,"column":4},"end":{"line":84,"column":5}},"7":{"start":{"line":51,"column":6},"end":{"line":51,"column":37}},"8":{"start":{"line":53,"column":21},"end":{"line":58,"column":8}},"9":{"start":{"line":60,"column":6},"end":{"line":62,"column":9}},"10":{"start":{"line":64,"column":6},"end":{"line":67,"column":9}},"11":{"start":{"line":70,"column":6},"end":{"line":78,"column":7}},"12":{"start":{"line":71,"column":23},"end":{"line":71,"column":47}},"13":{"start":{"line":73,"column":8},"end":{"line":73,"column":28}},"14":{"start":{"line":75,"column":8},"end":{"line":75,"column":43}},"15":{"start":{"line":77,"column":8},"end":{"line":77,"column":15}},"16":{"start":{"line":80,"column":6},"end":{"line":83,"column":8}},"17":{"start":{"line":87,"column":2},"end":{"line":153,"column":4}},"18":{"start":{"line":115,"column":18},"end":{"line":115,"column":52}},"19":{"start":{"line":127,"column":18},"end":{"line":127,"column":48}},"20":{"start":{"line":134,"column":20},"end":{"line":134,"column":50}},"21":{"start":{"line":148,"column":42},"end":{"line":148,"column":71}}},"fnMap":{"0":{"name":"(anonymous_0)","decl":{"start":{"line":41,"column":25},"end":{"line":41,"column":26}},"loc":{"start":{"line":41,"column":31},"end":{"line":154,"column":1}},"line":41},"1":{"name":"(anonymous_1)","decl":{"start":{"line":49,"column":35},"end":{"line":49,"column":36}},"loc":{"start":{"line":49,"column":67},"end":{"line":85,"column":3}},"line":49},"2":{"name":"(anonymous_2)","decl":{"start":{"line":114,"column":33},"end":{"line":114,"column":34}},"loc":{"start":{"line":114,"column":39},"end":{"line":116,"column":17}},"line":114},"3":{"name":"(anonymous_3)","decl":{"start":{"line":126,"column":33},"end":{"line":126,"column":34}},"loc":{"start":{"line":126,"column":39},"end":{"line":128,"column":17}},"line":126},"4":{"name":"(anonymous_4)","decl":{"start":{"line":133,"column":27},"end":{"line":133,"column":28}},"loc":{"start":{"line":133,"column":33},"end":{"line":135,"column":19}},"line":133},"5":{"name":"(anonymous_5)","decl":{"start":{"line":141,"column":37},"end":{"line":141,"column":38}},"loc":{"start":{"line":141,"column":43},"end":{"line":141,"column":46}},"line":141},"6":{"name":"(anonymous_6)","decl":{"start":{"line":148,"column":36},"end":{"line":148,"column":37}},"loc":{"start":{"line":148,"column":42},"end":{"line":148,"column":71}},"line":148}},"branchMap":{"0":{"loc":{"start":{"line":70,"column":6},"end":{"line":78,"column":7}},"type":"if","locations":[{"start":{"line":70,"column":6},"end":{"line":78,"column":7}},{"start":{"line":70,"column":6},"end":{"line":78,"column":7}}],"line":70},"1":{"loc":{"start":{"line":91,"column":18},"end":{"line":91,"column":63}},"type":"cond-expr","locations":[{"start":{"line":91,"column":42},"end":{"line":91,"column":51}},{"start":{"line":91,"column":54},"end":{"line":91,"column":63}}],"line":91}},"s":{"0":1,"1":1,"2":1,"3":1,"4":1,"5":1,"6":0,"7":0,"8":0,"9":0,"10":0,"11":0,"12":0,"13":0,"14":0,"15":0,"16":0,"17":1,"18":0,"19":0,"20":0,"21":0},"f":{"0":1,"1":0,"2":0,"3":0,"4":0,"5":0,"6":0},"b":{"0":[0,0],"1":[1,0]},"_coverageSchema":"1a1c01bbd47fc00a2c39e90264f33305004495a9","hash":"d782936c956d55644a7d73bbdd48301d6a2ccf8b"}
,"/Users/rodrigomiranda/Documents/Development/Rocketseat/gostack11/appgobarber/src/pages/SignUp/index.tsx": {"path":"/Users/rodrigomiranda/Documents/Development/Rocketseat/gostack11/appgobarber/src/pages/SignUp/index.tsx","statementMap":{"0":{"start":{"line":33,"column":25},"end":{"line":150,"column":1}},"1":{"start":{"line":34,"column":18},"end":{"line":34,"column":43}},"2":{"start":{"line":35,"column":21},"end":{"line":35,"column":36}},"3":{"start":{"line":37,"column":24},"end":{"line":37,"column":47}},"4":{"start":{"line":38,"column":27},"end":{"line":38,"column":50}},"5":{"start":{"line":40,"column":23},"end":{"line":81,"column":3}},"6":{"start":{"line":42,"column":6},"end":{"line":78,"column":7}},"7":{"start":{"line":43,"column":8},"end":{"line":43,"column":39}},"8":{"start":{"line":45,"column":23},"end":{"line":51,"column":10}},"9":{"start":{"line":53,"column":8},"end":{"line":55,"column":11}},"10":{"start":{"line":57,"column":8},"end":{"line":57,"column":39}},"11":{"start":{"line":59,"column":8},"end":{"line":62,"column":10}},"12":{"start":{"line":64,"column":8},"end":{"line":64,"column":28}},"13":{"start":{"line":66,"column":8},"end":{"line":72,"column":9}},"14":{"start":{"line":67,"column":25},"end":{"line":67,"column":49}},"15":{"start":{"line":69,"column":10},"end":{"line":69,"column":45}},"16":{"start":{"line":71,"column":10},"end":{"line":71,"column":17}},"17":{"start":{"line":74,"column":8},"end":{"line":77,"column":10}},"18":{"start":{"line":83,"column":2},"end":{"line":149,"column":4}},"19":{"start":{"line":108,"column":39},"end":{"line":108,"column":69}},"20":{"start":{"line":120,"column":39},"end":{"line":120,"column":72}},"21":{"start":{"line":131,"column":39},"end":{"line":131,"column":68}},"22":{"start":{"line":135,"column":39},"end":{"line":135,"column":68}},"23":{"start":{"line":144,"column":35},"end":{"line":144,"column":54}}},"fnMap":{"0":{"name":"(anonymous_0)","decl":{"start":{"line":33,"column":25},"end":{"line":33,"column":26}},"loc":{"start":{"line":33,"column":31},"end":{"line":150,"column":1}},"line":33},"1":{"name":"(anonymous_1)","decl":{"start":{"line":41,"column":4},"end":{"line":41,"column":5}},"loc":{"start":{"line":41,"column":36},"end":{"line":79,"column":5}},"line":41},"2":{"name":"(anonymous_2)","decl":{"start":{"line":108,"column":33},"end":{"line":108,"column":34}},"loc":{"start":{"line":108,"column":39},"end":{"line":108,"column":69}},"line":108},"3":{"name":"(anonymous_3)","decl":{"start":{"line":120,"column":33},"end":{"line":120,"column":34}},"loc":{"start":{"line":120,"column":39},"end":{"line":120,"column":72}},"line":120},"4":{"name":"(anonymous_4)","decl":{"start":{"line":131,"column":33},"end":{"line":131,"column":34}},"loc":{"start":{"line":131,"column":39},"end":{"line":131,"column":68}},"line":131},"5":{"name":"(anonymous_5)","decl":{"start":{"line":135,"column":33},"end":{"line":135,"column":34}},"loc":{"start":{"line":135,"column":39},"end":{"line":135,"column":68}},"line":135},"6":{"name":"(anonymous_6)","decl":{"start":{"line":144,"column":29},"end":{"line":144,"column":30}},"loc":{"start":{"line":144,"column":35},"end":{"line":144,"column":54}},"line":144}},"branchMap":{"0":{"loc":{"start":{"line":66,"column":8},"end":{"line":72,"column":9}},"type":"if","locations":[{"start":{"line":66,"column":8},"end":{"line":72,"column":9}},{"start":{"line":66,"column":8},"end":{"line":72,"column":9}}],"line":66},"1":{"loc":{"start":{"line":87,"column":18},"end":{"line":87,"column":63}},"type":"cond-expr","locations":[{"start":{"line":87,"column":42},"end":{"line":87,"column":51}},{"start":{"line":87,"column":54},"end":{"line":87,"column":63}}],"line":87}},"s":{"0":0,"1":0,"2":0,"3":0,"4":0,"5":0,"6":0,"7":0,"8":0,"9":0,"10":0,"11":0,"12":0,"13":0,"14":0,"15":0,"16":0,"17":0,"18":0,"19":0,"20":0,"21":0,"22":0,"23":0},"f":{"0":0,"1":0,"2":0,"3":0,"4":0,"5":0,"6":0},"b":{"0":[0,0],"1":[0,0]}}
}
